<?xml version="1.0" encoding="UTF-8"?>
<!-- Generated by org.testng.reporters.JUnitXMLReporter -->
<testsuite ignored="0" hostname="DESKTOP-KG66QG6" failures="1" tests="1" name="Test" time="14.582" errors="0" timestamp="2020-06-27T21:01:48 IST">
  <testcase classname="cucumber.api.testng.AbstractTestNGCucumberTests" name="feature" time="14.051">
    <failure type="cucumber.runtime.CucumberException" message="org.openqa.selenium.SessionNotCreatedException: session not created
from chrome not reachable
  (Session info: chrome=83.0.4103.116)
Build info: version: &amp;apos;3.141.59&amp;apos;, revision: &amp;apos;e82be7d358&amp;apos;, time: &amp;apos;2018-11-14T08:17:03&amp;apos;
System info: host: &amp;apos;DESKTOP-KG66QG6&amp;apos;, ip: &amp;apos;192.168.73.1&amp;apos;, os.name: &amp;apos;Windows 10&amp;apos;, os.arch: &amp;apos;amd64&amp;apos;, os.version: &amp;apos;10.0&amp;apos;, java.version: &amp;apos;13.0.1&amp;apos;
Driver info: driver.version: ChromeDriver
remote stacktrace: Backtrace:
	Ordinal0 [0x00639563+2725219]
	Ordinal0 [0x00538551+1672529]
	Ordinal0 [0x00420202+524802]
	Ordinal0 [0x004199B2+498098]
	Ordinal0 [0x0041A09B+499867]
	Ordinal0 [0x0041AFF5+503797]
	Ordinal0 [0x00416994+485780]
	Ordinal0 [0x00420FF0+528368]
	Ordinal0 [0x003CD6C9+186057]
	Ordinal0 [0x003CCA3D+182845]
	Ordinal0 [0x003CA94B+174411]
	Ordinal0 [0x003B2528+75048]
	Ordinal0 [0x003B35A0+79264]
	Ordinal0 [0x003B3539+79161]
	Ordinal0 [0x0054D607+1758727]
	GetHandleVerifier [0x00756546+1050150]
	GetHandleVerifier [0x00756291+1049457]
	GetHandleVerifier [0x007610D7+1094071]
	GetHandleVerifier [0x00756B46+1051686]
	Ordinal0 [0x00545B06+1727238]
	Ordinal0 [0x0054EB7B+1764219]
	Ordinal0 [0x0054ECE3+1764579]
	Ordinal0 [0x00564C05+1854469]
	BaseThreadInitThunk [0x75B06359+25]
	RtlGetAppContainerNamedObjectPath [0x77A67C24+228]
	RtlGetAppContainerNamedObjectPath [0x77A67BF4+180]
">
      <![CDATA[cucumber.runtime.CucumberException: org.openqa.selenium.SessionNotCreatedException: session not created
from chrome not reachable
  (Session info: chrome=83.0.4103.116)
Build info: version: '3.141.59', revision: 'e82be7d358', time: '2018-11-14T08:17:03'
System info: host: 'DESKTOP-KG66QG6', ip: '192.168.73.1', os.name: 'Windows 10', os.arch: 'amd64', os.version: '10.0', java.version: '13.0.1'
Driver info: driver.version: ChromeDriver
remote stacktrace: Backtrace:
Ordinal0 [0x00639563+2725219]
Ordinal0 [0x00538551+1672529]
Ordinal0 [0x00420202+524802]
Ordinal0 [0x004199B2+498098]
Ordinal0 [0x0041A09B+499867]
Ordinal0 [0x0041AFF5+503797]
Ordinal0 [0x00416994+485780]
Ordinal0 [0x00420FF0+528368]
Ordinal0 [0x003CD6C9+186057]
Ordinal0 [0x003CCA3D+182845]
Ordinal0 [0x003CA94B+174411]
Ordinal0 [0x003B2528+75048]
Ordinal0 [0x003B35A0+79264]
Ordinal0 [0x003B3539+79161]
Ordinal0 [0x0054D607+1758727]
GetHandleVerifier [0x00756546+1050150]
GetHandleVerifier [0x00756291+1049457]
GetHandleVerifier [0x007610D7+1094071]
GetHandleVerifier [0x00756B46+1051686]
Ordinal0 [0x00545B06+1727238]
Ordinal0 [0x0054EB7B+1764219]
Ordinal0 [0x0054ECE3+1764579]
Ordinal0 [0x00564C05+1854469]
BaseThreadInitThunk [0x75B06359+25]
RtlGetAppContainerNamedObjectPath [0x77A67C24+228]
RtlGetAppContainerNamedObjectPath [0x77A67BF4+180]

at cucumber.api.testng.TestNGCucumberRunner.runCucumber(TestNGCucumberRunner.java:69)
at cucumber.api.testng.AbstractTestNGCucumberTests.feature(AbstractTestNGCucumberTests.java:21)
at java.base/java.util.ArrayList.forEach(ArrayList.java:1507)
Caused by: org.openqa.selenium.SessionNotCreatedException: session not created
from chrome not reachable
  (Session info: chrome=83.0.4103.116)
Build info: version: '3.141.59', revision: 'e82be7d358', time: '2018-11-14T08:17:03'
System info: host: 'DESKTOP-KG66QG6', ip: '192.168.73.1', os.name: 'Windows 10', os.arch: 'amd64', os.version: '10.0', java.version: '13.0.1'
Driver info: driver.version: ChromeDriver
remote stacktrace: Backtrace:
Ordinal0 [0x00639563+2725219]
Ordinal0 [0x00538551+1672529]
Ordinal0 [0x00420202+524802]
Ordinal0 [0x004199B2+498098]
Ordinal0 [0x0041A09B+499867]
Ordinal0 [0x0041AFF5+503797]
Ordinal0 [0x00416994+485780]
Ordinal0 [0x00420FF0+528368]
Ordinal0 [0x003CD6C9+186057]
Ordinal0 [0x003CCA3D+182845]
Ordinal0 [0x003CA94B+174411]
Ordinal0 [0x003B2528+75048]
Ordinal0 [0x003B35A0+79264]
Ordinal0 [0x003B3539+79161]
Ordinal0 [0x0054D607+1758727]
GetHandleVerifier [0x00756546+1050150]
GetHandleVerifier [0x00756291+1049457]
GetHandleVerifier [0x007610D7+1094071]
GetHandleVerifier [0x00756B46+1051686]
Ordinal0 [0x00545B06+1727238]
Ordinal0 [0x0054EB7B+1764219]
Ordinal0 [0x0054ECE3+1764579]
Ordinal0 [0x00564C05+1854469]
BaseThreadInitThunk [0x75B06359+25]
RtlGetAppContainerNamedObjectPath [0x77A67C24+228]
RtlGetAppContainerNamedObjectPath [0x77A67BF4+180]

at org.openqa.selenium.remote.W3CHandshakeResponse.lambda$errorHandler$0(W3CHandshakeResponse.java:62)
at org.openqa.selenium.remote.HandshakeResponse.lambda$getResponseFunction$0(HandshakeResponse.java:30)
at org.openqa.selenium.remote.ProtocolHandshake.lambda$createSession$0(ProtocolHandshake.java:126)
at java.base/java.util.stream.ReferencePipeline$3$1.accept(ReferencePipeline.java:195)
at java.base/java.util.Spliterators$ArraySpliterator.tryAdvance(Spliterators.java:958)
at java.base/java.util.stream.ReferencePipeline.forEachWithCancel(ReferencePipeline.java:127)
at java.base/java.util.stream.AbstractPipeline.copyIntoWithCancel(AbstractPipeline.java:502)
at java.base/java.util.stream.AbstractPipeline.copyInto(AbstractPipeline.java:488)
at java.base/java.util.stream.AbstractPipeline.wrapAndCopyInto(AbstractPipeline.java:474)
at java.base/java.util.stream.FindOps$FindOp.evaluateSequential(FindOps.java:150)
at java.base/java.util.stream.AbstractPipeline.evaluate(AbstractPipeline.java:234)
at java.base/java.util.stream.ReferencePipeline.findFirst(ReferencePipeline.java:543)
at org.openqa.selenium.remote.ProtocolHandshake.createSession(ProtocolHandshake.java:128)
at org.openqa.selenium.remote.ProtocolHandshake.createSession(ProtocolHandshake.java:74)
at org.openqa.selenium.remote.HttpCommandExecutor.execute(HttpCommandExecutor.java:136)
at org.openqa.selenium.remote.service.DriverCommandExecutor.execute(DriverCommandExecutor.java:83)
at org.openqa.selenium.remote.RemoteWebDriver.execute(RemoteWebDriver.java:552)
at org.openqa.selenium.remote.RemoteWebDriver.startSession(RemoteWebDriver.java:213)
at org.openqa.selenium.remote.RemoteWebDriver.<init>(RemoteWebDriver.java:131)
at org.openqa.selenium.chrome.ChromeDriver.<init>(ChromeDriver.java:181)
at org.openqa.selenium.chrome.ChromeDriver.<init>(ChromeDriver.java:168)
at org.openqa.selenium.chrome.ChromeDriver.<init>(ChromeDriver.java:123)
at stepDefinitionLicensce.LicenscePageTesting.intialize_the_browser_with_chrome(LicenscePageTesting.java:21)
at âœ½.Given Intialize the browser with chrome(LicenscePage.feature:4)
... Removed 36 stack frames]]>
    </failure>
  </testcase> <!-- feature -->
</testsuite> <!-- Test -->
